{"/home/jean/Desktop/BOOTCAMP/projeto 17 API Sing Me A Song/src/database.js": {"path":"/home/jean/Desktop/BOOTCAMP/projeto 17 API Sing Me A Song/src/database.js","statementMap":{"0":{"start":{"line":4,"column":17},"end":{"line":4,"column":19}},"1":{"start":{"line":6,"column":23},"end":{"line":11,"column":1}},"2":{"start":{"line":13,"column":19},"end":{"line":13,"column":43}}},"fnMap":{},"branchMap":{},"s":{"0":1,"1":1,"2":1},"f":{},"b":{},"_coverageSchema":"1a1c01bbd47fc00a2c39e90264f33305004495a9","hash":"6e1b0738d1560ad31fa84e1efe00fa890030a017"}
,"/home/jean/Desktop/BOOTCAMP/projeto 17 API Sing Me A Song/src/setup.js": {"path":"/home/jean/Desktop/BOOTCAMP/projeto 17 API Sing Me A Song/src/setup.js","statementMap":{"0":{"start":{"line":3,"column":21},"end":{"line":3,"column":32}},"1":{"start":{"line":5,"column":11},"end":{"line":5,"column":17}},"2":{"start":{"line":6,"column":0},"end":{"line":6,"column":44}},"3":{"start":{"line":6,"column":25},"end":{"line":6,"column":44}},"4":{"start":{"line":8,"column":0},"end":{"line":10,"column":3}}},"fnMap":{},"branchMap":{"0":{"loc":{"start":{"line":6,"column":0},"end":{"line":6,"column":44}},"type":"if","locations":[{"start":{"line":6,"column":0},"end":{"line":6,"column":44}},{"start":{},"end":{}}],"line":6}},"s":{"0":1,"1":1,"2":1,"3":1,"4":1},"f":{},"b":{"0":[1,0]},"_coverageSchema":"1a1c01bbd47fc00a2c39e90264f33305004495a9","hash":"5560f71fcb1527764f559403bfdf9efed02f0ebb"}
,"/home/jean/Desktop/BOOTCAMP/projeto 17 API Sing Me A Song/src/errors/SongNotFound.js": {"path":"/home/jean/Desktop/BOOTCAMP/projeto 17 API Sing Me A Song/src/errors/SongNotFound.js","statementMap":{"0":{"start":{"line":3,"column":6},"end":{"line":3,"column":21}},"1":{"start":{"line":4,"column":6},"end":{"line":4,"column":33}}},"fnMap":{"0":{"name":"(anonymous_0)","decl":{"start":{"line":2,"column":4},"end":{"line":2,"column":5}},"loc":{"start":{"line":2,"column":25},"end":{"line":5,"column":5}},"line":2}},"branchMap":{},"s":{"0":1,"1":1},"f":{"0":1},"b":{},"_coverageSchema":"1a1c01bbd47fc00a2c39e90264f33305004495a9","hash":"3796d9b38747201818466c5fe73879cc9a2e951b"}
,"/home/jean/Desktop/BOOTCAMP/projeto 17 API Sing Me A Song/src/repositories/votesRepository.js": {"path":"/home/jean/Desktop/BOOTCAMP/projeto 17 API Sing Me A Song/src/repositories/votesRepository.js","statementMap":{"0":{"start":{"line":4,"column":17},"end":{"line":6,"column":4}},"1":{"start":{"line":7,"column":2},"end":{"line":7,"column":31}},"2":{"start":{"line":11,"column":2},"end":{"line":11,"column":79}},"3":{"start":{"line":15,"column":2},"end":{"line":15,"column":64}}},"fnMap":{"0":{"name":"getScore","decl":{"start":{"line":3,"column":15},"end":{"line":3,"column":23}},"loc":{"start":{"line":3,"column":28},"end":{"line":8,"column":1}},"line":3},"1":{"name":"postVote","decl":{"start":{"line":10,"column":15},"end":{"line":10,"column":23}},"loc":{"start":{"line":10,"column":39},"end":{"line":12,"column":1}},"line":10},"2":{"name":"deleteSong","decl":{"start":{"line":14,"column":15},"end":{"line":14,"column":25}},"loc":{"start":{"line":14,"column":30},"end":{"line":16,"column":1}},"line":14}},"branchMap":{},"s":{"0":0,"1":0,"2":0,"3":0},"f":{"0":0,"1":0,"2":0},"b":{},"_coverageSchema":"1a1c01bbd47fc00a2c39e90264f33305004495a9","hash":"443edc7272632f3e906cc5dfd9e1da93c34dbd13"}
,"/home/jean/Desktop/BOOTCAMP/projeto 17 API Sing Me A Song/src/services/votesService.js": {"path":"/home/jean/Desktop/BOOTCAMP/projeto 17 API Sing Me A Song/src/services/votesService.js","statementMap":{"0":{"start":{"line":5,"column":14},"end":{"line":5,"column":48}},"1":{"start":{"line":6,"column":2},"end":{"line":6,"column":78}},"2":{"start":{"line":6,"column":27},"end":{"line":6,"column":78}},"3":{"start":{"line":7,"column":2},"end":{"line":7,"column":31}},"4":{"start":{"line":8,"column":2},"end":{"line":12,"column":3}},"5":{"start":{"line":9,"column":4},"end":{"line":9,"column":41}},"6":{"start":{"line":11,"column":4},"end":{"line":11,"column":50}}},"fnMap":{"0":{"name":"postVote","decl":{"start":{"line":4,"column":15},"end":{"line":4,"column":23}},"loc":{"start":{"line":4,"column":42},"end":{"line":13,"column":1}},"line":4}},"branchMap":{"0":{"loc":{"start":{"line":6,"column":2},"end":{"line":6,"column":78}},"type":"if","locations":[{"start":{"line":6,"column":2},"end":{"line":6,"column":78}},{"start":{},"end":{}}],"line":6},"1":{"loc":{"start":{"line":7,"column":2},"end":{"line":7,"column":30}},"type":"cond-expr","locations":[{"start":{"line":7,"column":13},"end":{"line":7,"column":20}},{"start":{"line":7,"column":23},"end":{"line":7,"column":30}}],"line":7},"2":{"loc":{"start":{"line":8,"column":2},"end":{"line":12,"column":3}},"type":"if","locations":[{"start":{"line":8,"column":2},"end":{"line":12,"column":3}},{"start":{"line":10,"column":9},"end":{"line":12,"column":3}}],"line":8}},"s":{"0":3,"1":3,"2":1,"3":2,"4":2,"5":1,"6":1},"f":{"0":3},"b":{"0":[1,2],"1":[1,1],"2":[1,1]},"_coverageSchema":"1a1c01bbd47fc00a2c39e90264f33305004495a9","hash":"9190a8ea23ea7420651152c3d3501bcb009d6fcd"}
}
