TN:
SF:src/database.js
FNF:0
FNH:0
DA:4,1
DA:6,1
DA:13,1
LF:3
LH:3
BRF:0
BRH:0
end_of_record
TN:
SF:src/setup.js
FNF:0
FNH:0
DA:3,1
DA:5,1
DA:6,1
DA:8,1
LF:4
LH:4
BRDA:6,0,0,1
BRDA:6,0,1,0
BRF:2
BRH:1
end_of_record
TN:
SF:src/errors/SongNotFound.js
FN:2,(anonymous_0)
FNF:1
FNH:1
FNDA:1,(anonymous_0)
DA:3,1
DA:4,1
LF:2
LH:2
BRF:0
BRH:0
end_of_record
TN:
SF:src/repositories/votesRepository.js
FN:3,getScore
FN:10,postVote
FN:14,deleteSong
FNF:3
FNH:0
FNDA:0,getScore
FNDA:0,postVote
FNDA:0,deleteSong
DA:4,0
DA:7,0
DA:11,0
DA:15,0
LF:4
LH:0
BRF:0
BRH:0
end_of_record
TN:
SF:src/services/votesService.js
FN:4,postVote
FNF:1
FNH:1
FNDA:3,postVote
DA:5,3
DA:6,3
DA:7,2
DA:8,2
DA:9,1
DA:11,1
LF:6
LH:6
BRDA:6,0,0,1
BRDA:6,0,1,2
BRDA:7,1,0,1
BRDA:7,1,1,1
BRDA:8,2,0,1
BRDA:8,2,1,1
BRF:6
BRH:6
end_of_record
